mode: set
C:\Natalya\Dell\Go\huffman.go:24.29,26.2 1 1
C:\Natalya\Dell\Go\huffman.go:28.29,30.2 1 1
C:\Natalya\Dell\Go\huffman.go:34.30,34.48 1 1
C:\Natalya\Dell\Go\huffman.go:35.40,37.2 1 1
C:\Natalya\Dell\Go\huffman.go:38.43,40.2 1 1
C:\Natalya\Dell\Go\huffman.go:41.48,45.2 3 1
C:\Natalya\Dell\Go\huffman.go:46.35,46.66 1 1
C:\Natalya\Dell\Go\huffman.go:48.63,49.26 1 1
C:\Natalya\Dell\Go\huffman.go:50.12,51.37 1 1
C:\Natalya\Dell\Go\huffman.go:52.12,58.34 5 1
C:\Natalya\Dell\Go\huffman.go:62.57,66.31 4 1
C:\Natalya\Dell\Go\huffman.go:70.2,70.33 1 1
C:\Natalya\Dell\Go\huffman.go:73.2,75.20 2 1
C:\Natalya\Dell\Go\huffman.go:80.2,80.24 1 1
C:\Natalya\Dell\Go\huffman.go:87.2,88.31 2 1
C:\Natalya\Dell\Go\huffman.go:91.2,93.29 2 1
C:\Natalya\Dell\Go\huffman.go:66.31,68.3 1 1
C:\Natalya\Dell\Go\huffman.go:70.33,72.3 1 1
C:\Natalya\Dell\Go\huffman.go:75.20,79.3 3 1
C:\Natalya\Dell\Go\huffman.go:80.24,81.28 1 1
C:\Natalya\Dell\Go\huffman.go:81.28,83.4 1 1
C:\Natalya\Dell\Go\huffman.go:84.8,86.3 1 1
C:\Natalya\Dell\Go\huffman.go:88.31,90.3 1 1
C:\Natalya\Dell\Go\huffman.go:96.65,100.33 3 1
C:\Natalya\Dell\Go\huffman.go:104.2,105.29 2 1
C:\Natalya\Dell\Go\huffman.go:115.2,115.19 1 1
C:\Natalya\Dell\Go\huffman.go:100.33,102.3 1 1
C:\Natalya\Dell\Go\huffman.go:105.29,107.37 2 1
C:\Natalya\Dell\Go\huffman.go:107.37,111.4 3 1
C:\Natalya\Dell\Go\huffman.go:111.9,113.4 1 1
C:\Natalya\Dell\Go\huffman.go:118.13,124.33 4 0
C:\Natalya\Dell\Go\huffman.go:127.2,128.48 2 0
C:\Natalya\Dell\Go\huffman.go:124.33,126.3 1 0
